<?xml version="1.0" encoding="UTF-8" standalone="no"?>
<!DOCTYPE log SYSTEM "logger.dtd">
<log>
<record>
  <date>2020-02-03T14:43:06</date>
  <millis>1580721186111</millis>
  <sequence>0</sequence>
  <level>START</level>
  <class>com.kms.katalon.core.logging.XmlKeywordLogger</class>
  <method>startSuite</method>
  <thread>1</thread>
  <message>Start Test Suite : Test Suites/Offers Regression</message>
  <nestedLevel>0</nestedLevel>
  <property name="name">Offers Regression</property>
  <property name="description"></property>
  <property name="id">Test Suites/Offers Regression</property>
</record>
<record>
  <date>2020-02-03T14:43:06</date>
  <millis>1580721186130</millis>
  <sequence>1</sequence>
  <level>RUN_DATA</level>
  <class>com.kms.katalon.core.logging.XmlKeywordLogger</class>
  <method>logMessage</method>
  <thread>1</thread>
  <message>hostName = Dell - DESKTOP-A4R0EHC</message>
  <nestedLevel>0</nestedLevel>
  <property name="hostName">Dell - DESKTOP-A4R0EHC</property>
</record>
<record>
  <date>2020-02-03T14:43:06</date>
  <millis>1580721186131</millis>
  <sequence>2</sequence>
  <level>RUN_DATA</level>
  <class>com.kms.katalon.core.logging.XmlKeywordLogger</class>
  <method>logMessage</method>
  <thread>1</thread>
  <message>os = Windows 10 64bit</message>
  <nestedLevel>0</nestedLevel>
  <property name="os">Windows 10 64bit</property>
</record>
<record>
  <date>2020-02-03T14:43:06</date>
  <millis>1580721186131</millis>
  <sequence>3</sequence>
  <level>RUN_DATA</level>
  <class>com.kms.katalon.core.logging.XmlKeywordLogger</class>
  <method>logMessage</method>
  <thread>1</thread>
  <message>hostAddress = 192.168.0.102</message>
  <nestedLevel>0</nestedLevel>
  <property name="hostAddress">192.168.0.102</property>
</record>
<record>
  <date>2020-02-03T14:43:06</date>
  <millis>1580721186133</millis>
  <sequence>4</sequence>
  <level>RUN_DATA</level>
  <class>com.kms.katalon.core.logging.XmlKeywordLogger</class>
  <method>logMessage</method>
  <thread>1</thread>
  <message>katalonVersion = 7.0.4.1</message>
  <nestedLevel>0</nestedLevel>
  <property name="katalonVersion">7.0.4.1</property>
</record>
<record>
  <date>2020-02-03T14:43:06</date>
  <millis>1580721186448</millis>
  <sequence>5</sequence>
  <level>START</level>
  <class>com.kms.katalon.core.logging.XmlKeywordLogger</class>
  <method>startTest</method>
  <thread>1</thread>
  <message>Start Test Case : Test Cases/Test Scenarios/Modules/Login/GSM Login</message>
  <nestedLevel>1</nestedLevel>
  <property name="name">Test Cases/Test Scenarios/Modules/Login/GSM Login</property>
  <property name="description"></property>
  <property name="id">Test Cases/Test Scenarios/Modules/Login/GSM Login</property>
  <property name="source">C:\\Users\\Dell\\git\\1\\Test Cases\\Test Scenarios\\Modules\\Login\\GSM Login.tc</property>
  <property name="tag"></property>
  <property name="isOptional">false</property>
</record>
<record>
  <date>2020-02-03T14:43:07</date>
  <millis>1580721187539</millis>
  <sequence>11</sequence>
  <level>INFO</level>
  <class>com.kms.katalon.core.logging.XmlKeywordLogger</class>
  <method>logMessage</method>
  <thread>1</thread>
  <message>(Default) url = https://sandbox.gsm.auto/</message>
  <nestedLevel>1</nestedLevel>
</record>
<record>
  <date>2020-02-03T14:43:07</date>
  <millis>1580721187626</millis>
  <sequence>16</sequence>
  <level>INFO</level>
  <class>com.kms.katalon.core.logging.XmlKeywordLogger</class>
  <method>logMessage</method>
  <thread>1</thread>
  <message>(Default) username = sankaran@totient.co.in</message>
  <nestedLevel>1</nestedLevel>
</record>
<record>
  <date>2020-02-03T14:43:07</date>
  <millis>1580721187697</millis>
  <sequence>21</sequence>
  <level>INFO</level>
  <class>com.kms.katalon.core.logging.XmlKeywordLogger</class>
  <method>logMessage</method>
  <thread>1</thread>
  <message>(Default) password = sandbox85!</message>
  <nestedLevel>1</nestedLevel>
</record>
<record>
  <date>2020-02-03T14:43:08</date>
  <millis>1580721188095</millis>
  <sequence>22</sequence>
  <level>START</level>
  <class>com.kms.katalon.core.logging.XmlKeywordLogger</class>
  <method>startKeyword</method>
  <thread>1</thread>
  <message>Start action : openBrowser(\&amp;quot;\&amp;quot;)</message>
  <nestedLevel>1</nestedLevel>
  <property name="startLine">17</property>
  <property name="stepIndex">1</property>
</record>
